{
  "total_examples": 50,
  "passed": 31,
  "failed": 15,
  "skipped": 4,
  "success_rate": 62.0,
  "failure_categories": {
    "import_fail": 1,
    "fortran_compile_fail": 2,
    "c_compile_fail": 3,
    "f90wrap_fail": 1,
    "support_compile_fail": 8
  },
  "results": [
    {
      "example": "arrayderivedtypes",
      "status": "pass",
      "files_compiled": [
        "test.f90"
      ],
      "duration": 0.5493347644805908
    },
    {
      "example": "arrays",
      "status": "pass",
      "files_compiled": [
        "parameters.f90",
        "library.f90"
      ],
      "duration": 0.5472025871276855
    },
    {
      "example": "arrays_fixed",
      "status": "skip",
      "reason": "No .f90 files found",
      "duration": 0.00023698806762695312
    },
    {
      "example": "arrays_in_derived_types_issue50",
      "status": "pass",
      "files_compiled": [
        "test.f90"
      ],
      "duration": 0.5595502853393555
    },
    {
      "example": "auto_raise_error",
      "status": "pass",
      "files_compiled": [
        "main.f90"
      ],
      "duration": 0.5085387229919434
    },
    {
      "example": "callback_print_function_issue93",
      "status": "import_fail",
      "stderr": "ck_print_function_issue93_directc; print('Import successful')\n                                         ^^^^^^^^^^^^^^^^^^^^^^^^^^^^^^^^^^^^^^^^^^^^^^\n  File \"/home/ert/code/f90wrap/examples/callback_print_function_issue93/callback_print_function_issue93_directc.py\", line 7, in <module>\n    from _callback_print_function_issue93_directc import *\nImportError: /home/ert/code/f90wrap/examples/callback_print_function_issue93/_callback_print_function_issue93_directc.so: undefined symbol: pyfunc_print_\n",
      "stdout": "",
      "duration": 0.48261189460754395
    },
    {
      "example": "class_names",
      "status": "pass",
      "files_compiled": [
        "test.f90"
      ],
      "duration": 0.5685598850250244
    },
    {
      "example": "cylinder",
      "status": "fortran_compile_fail",
      "file": "DNAD.f90",
      "stderr": "         res = n\n      |                              1\nError: Cannot convert REAL(4) to TYPE(dual_num) at (1)\n/home/ert/code/f90wrap/examples/cylinder/DNAD.f90:1510:9:\n\n 1510 |                         res = n\n      |                              1\nError: Cannot convert REAL(8) to TYPE(dual_num) at (1)\n/home/ert/code/f90wrap/examples/cylinder/DNAD.f90:1494:9:\n\n 1494 |                         res = n\n      |                              1\nError: Cannot convert INTEGER(4) to TYPE(dual_num) at (1)\n",
      "duration": 0.26077842712402344
    },
    {
      "example": "default_i8",
      "status": "pass",
      "files_compiled": [
        "test.f90"
      ],
      "duration": 0.56015944480896
    },
    {
      "example": "derived-type-aliases",
      "status": "c_compile_fail",
      "stderr": "ses_directcmodule.c:595:35: error: expected \u2018=\u2019, \u2018,\u2019, \u2018;\u2019, \u2018asm\u2019 or \u2018__attribute__\u2019 before \u2018-\u2019 token\n  595 | static struct PyModuleDef _derived-type-aliases_directc_module = {\n      |                                   ^\n/home/ert/code/f90wrap/examples/derived-type-aliases/_derived-type-aliases_directcmodule.c:604:31: error: expected \u2018=\u2019, \u2018,\u2019, \u2018;\u2019, \u2018asm\u2019 or \u2018__attribute__\u2019 before \u2018-\u2019 token\n  604 | PyMODINIT_FUNC PyInit__derived-type-aliases_directc(void) {\n      |                               ^\n",
      "duration": 0.43258213996887207
    },
    {
      "example": "derivedtypes",
      "status": "pass",
      "files_compiled": [
        "parameters.f90",
        "datatypes.f90",
        "library.f90"
      ],
      "duration": 0.7021305561065674
    },
    {
      "example": "derivedtypes_procedure",
      "status": "pass",
      "files_compiled": [
        "library.f90"
      ],
      "duration": 0.523061990737915
    },
    {
      "example": "docstring",
      "status": "c_compile_fail",
      "stderr": "__long_line_brief_\u2019; have \u2018void(void *, float *)\u2019\n 1479 |     extern void f90wrap_m_circle__long_line_brief_(void*, float*);\n      |                 ^~~~~~~~~~~~~~~~~~~~~~~~~~~~~~~~~~\n/home/ert/code/f90wrap/examples/docstring/_docstring_directcmodule.c:208:13: note: previous declaration of \u2018f90wrap_m_circle__long_line_brief_\u2019 with type \u2018void(int *, float *)\u2019\n  208 | extern void f90wrap_m_circle__long_line_brief_(int *circle, float *radius);\n      |             ^~~~~~~~~~~~~~~~~~~~~~~~~~~~~~~~~~\n",
      "duration": 0.4716002941131592
    },
    {
      "example": "elemental",
      "status": "pass",
      "files_compiled": [
        "elemental_module.f90"
      ],
      "duration": 0.49308228492736816
    },
    {
      "example": "errorbinding",
      "status": "pass",
      "files_compiled": [
        "parameters.f90",
        "datatypes.f90"
      ],
      "duration": 0.5762078762054443
    },
    {
      "example": "example2",
      "status": "skip",
      "reason": "No .f90 files found",
      "duration": 0.00020885467529296875
    },
    {
      "example": "extends",
      "status": "pass",
      "files_compiled": [
        "testextends.f90"
      ],
      "duration": 0.5779104232788086
    },
    {
      "example": "fixed_1D_derived_type_array_argument",
      "status": "f90wrap_fail",
      "returncode": 2,
      "stderr": "Traceback (most recent call last):\n  File \"/home/ert/code/f90wrap/f90wrap/scripts/main.py\", line 357, in main\n    tree = tf.transform_to_generic_wrapper(tree,\n                                           types,\n    ...<11 lines>...\n                                           remove_optional_arguments,\n                                           force_public=force_public)\n  File \"/home/ert/code/f90wrap/f90wrap/transform.py\", line 1399, in transform_to_generic_wrapper\n    tree = add_missing_constructors(tree)\n  File \"/home/ert/code/f90wrap/f90wrap/transform.py\", line 865, in add_missing_constructors\n    if 'abstract' in node.attributes:\n                     ^^^^^^^^^^^^^^^\nAttributeError: 'Type' object has no attribute 'attributes'\nf90wrap: AttributeError(\"'Type' object has no attribute 'attributes'\")\n         for help use --help\n",
      "stdout": "Kind map (also saved to .f2py_f2cmap)\n{}\n\nConstructors:\n['initialise_ptr', 'initialise', 'allocate']\n\nDestructors:\n['finalise', 'deallocate']\n\nShort names for derived types:\n{}\n\nString lengths:\n{}\n\nInitialisation lines for derived types\n{}\n\nPython module name remapping\n{}\nClass names remapping\n{}\n\nArgument name map:\n{}\n\nSize of Fortran derived type pointers is 4 bytes.\n\nParsing Fortran source files ['/home/ert/code/f90wrap/examples/fixed_1D_derived_type_array_argument/functions.fpp'] ...\nINFO:f90wrap.parser:parser reading type test_type2\ndone parsing source.\n\nDerived types detected in Fortran source files:\n{'class(test_type2)': Type(name=test_type2),\n 'test_type2': Type(name=test_type2),\n 'type(test_type2)': Type(name=test_type2)}\n\nClass name mapping:\n{'class(test_type2)': 'test_type2',\n 'test_type2': 'test_type2',\n 'type(test_type2)': 'test_type2'}\nModules for each type:\n{'test_module': 'test_module'}\nINFO:f90wrap.transform:adding missing constructor for test_type2\n",
      "duration": 0.14597320556640625
    },
    {
      "example": "fortran_oo",
      "status": "fortran_compile_fail",
      "file": "f90wrap_main-oo.f90",
      "stderr": "/home/ert/code/f90wrap/examples/fortran_oo/f90wrap_main-oo.f90:411:20:\n\n  411 |     ret_perimeter = this_ptr%p%obj%perimeter_8(radius=radius)\n      |                    1\nError: Type mismatch in argument \u2018radius\u2019 at (1); passed REAL(4) to REAL(8)\n",
      "duration": 0.34518861770629883
    },
    {
      "example": "intent_out_size",
      "status": "pass",
      "files_compiled": [
        "main.f90"
      ],
      "duration": 0.5321547985076904
    },
    {
      "example": "interface",
      "status": "pass",
      "files_compiled": [
        "example.f90"
      ],
      "duration": 0.5410583019256592
    },
    {
      "example": "issue105_function_definition_with_empty_lines",
      "status": "pass",
      "files_compiled": [
        "main.f90"
      ],
      "duration": 0.5079054832458496
    },
    {
      "example": "issue206_subroutine_oldstyle",
      "status": "skip",
      "reason": "No .f90 files found",
      "duration": 0.00016498565673828125
    },
    {
      "example": "issue227_allocatable",
      "status": "pass",
      "files_compiled": [
        "alloc_output.f90"
      ],
      "duration": 0.5560123920440674
    },
    {
      "example": "issue235_allocatable_classes",
      "status": "pass",
      "files_compiled": [
        "mytype.f90",
        "myclass.f90",
        "myclass_factory.f90"
      ],
      "duration": 0.6386287212371826
    },
    {
      "example": "issue254_getter",
      "status": "support_compile_fail",
      "stderr": "rectc_support.f90:78:49:\n\n   78 |         type(kimdispersionequation), pointer :: fptr\n      |                                                 1~~~\nError: \u2018fptr\u2019 at (1) is of the ABSTRACT type \u2018kimdispersionequation\u2019\n/home/ert/code/f90wrap/examples/issue254_getter/issue254_getter_directc_support.f90:70:49:\n\n   70 |         type(kimdispersionequation), pointer :: fptr\n      |                                                 1~~~\nError: \u2018fptr\u2019 at (1) is of the ABSTRACT type \u2018kimdispersionequation\u2019\n",
      "duration": 0.2052171230316162
    },
    {
      "example": "issue258_derived_type_attributes",
      "status": "support_compile_fail",
      "stderr": "attributes/issue258_derived_type_attributes_directc_support.f90:28:38:\n\n   28 |             call c_f_pointer(ptr, fptr)\n      |                                      1\nError: Symbol \u2018fptr\u2019 at (1) has no IMPLICIT type; did you mean \u2018ptr\u2019?\n/home/ert/code/f90wrap/examples/issue258_derived_type_attributes/issue258_derived_type_attributes_directc_support.f90:20:24:\n\n   20 |         ptr = c_loc(fptr)\n      |                        1\nError: Symbol \u2018fptr\u2019 at (1) has no IMPLICIT type; did you mean \u2018ptr\u2019?\n",
      "duration": 0.2747929096221924
    },
    {
      "example": "issue261_array_shapes",
      "status": "pass",
      "files_compiled": [
        "array_shapes.f90"
      ],
      "duration": 0.6195759773254395
    },
    {
      "example": "issue32",
      "status": "pass",
      "files_compiled": [
        "test.f90"
      ],
      "duration": 0.4872004985809326
    },
    {
      "example": "issue41_abstract_classes",
      "status": "support_compile_fail",
      "stderr": "s/issue41_abstract_classes/issue41_abstract_classes_directc_support.f90:25:37:\n\n   25 |         type(myclass_t), pointer :: fptr\n      |                                     1~~~\nError: \u2018fptr\u2019 at (1) is of the ABSTRACT type \u2018myclass_t\u2019\n/home/ert/code/f90wrap/examples/issue41_abstract_classes/issue41_abstract_classes_directc_support.f90:17:37:\n\n   17 |         type(myclass_t), pointer :: fptr\n      |                                     1~~~\nError: \u2018fptr\u2019 at (1) is of the ABSTRACT type \u2018myclass_t\u2019\n",
      "duration": 0.2543046474456787
    },
    {
      "example": "keyword_renaming_issue160",
      "status": "support_compile_fail",
      "stderr": "/home/ert/code/f90wrap/examples/keyword_renaming_issue160/keyword_renaming_issue160_directc_support.f90:6:9:\n\n    6 |     use global_\n      |         1\nFatal Error: Cannot open module file \u2018global_.mod\u2019 for reading at (1): No such file or directory\ncompilation terminated.\n",
      "duration": 0.19544219970703125
    },
    {
      "example": "kind_map_default",
      "status": "pass",
      "files_compiled": [
        "main.f90"
      ],
      "duration": 0.5331857204437256
    },
    {
      "example": "long_subroutine_name",
      "status": "support_compile_fail",
      "stderr": "ert/code/f90wrap/examples/long_subroutine_name/long_subroutine_name_directc_support.f90:64:14:\n\n   64 |         self%m_long_subroutine_name_type_integer = value\n      |              1\nError: Symbol \u2018self\u2019 at (1) has no IMPLICIT type\n/home/ert/code/f90wrap/examples/long_subroutine_name/long_subroutine_name_directc_support.f90:65:7:\n\n   65 |     end subroutine f90wrap_m_long_subroutine_name_type__set__m_long_subroutine_name_type_integer\n      |       1\nError: Expecting END MODULE statement at (1)\n",
      "duration": 0.19362092018127441
    },
    {
      "example": "mockderivetype",
      "status": "pass",
      "files_compiled": [
        "leveltwomod.f90",
        "define.f90",
        "fwrap.f90"
      ],
      "duration": 0.646033763885498
    },
    {
      "example": "mod_arg_clash",
      "status": "support_compile_fail",
      "stderr": "arg_clash/mod_arg_clash_directc_support.f90:76:65:\n\n   76 |     subroutine f90wrap_unit_cell__set__species_symbol(self_ptr, value) bind(C, name='__cell_MOD_f90wrap_unit_cell__set__species_symbol')\n      |                                                                 1~~~~\nError: Character dummy argument \u2018value\u2019 at (1) must be of constant length of one or assumed length, unless it has assumed shape or assumed rank, as procedure \u2018f90wrap_unit_cell__set__species_symbol\u2019 has the BIND(C) attribute\n",
      "duration": 0.1857905387878418
    },
    {
      "example": "optional_args_issue53",
      "status": "pass",
      "files_compiled": [
        "main.f90"
      ],
      "duration": 0.5009932518005371
    },
    {
      "example": "optional_derived_arrays",
      "status": "support_compile_fail",
      "stderr": "ome/ert/code/f90wrap/examples/optional_derived_arrays/optional_derived_arrays_directc_support.f90:76:52:\n\n   76 |     subroutine f90wrap_keyword__set__typ(self_ptr, value) bind(C, name='__io_MOD_f90wrap_keyword__set__typ')\n      |                                                    1~~~~\nError: Character dummy argument \u2018value\u2019 at (1) must be of constant length of one or assumed length, unless it has assumed shape or assumed rank, as procedure \u2018f90wrap_keyword__set__typ\u2019 has the BIND(C) attribute\n",
      "duration": 0.1806964874267578
    },
    {
      "example": "optional_string",
      "status": "c_compile_fail",
      "stderr": "de/f90wrap/examples/optional_string/_optional_string_directcmodule.c:232:69: error: \u2018output_data\u2019 undeclared (first use in this function)\n  232 |     __m_string_test_MOD_string_out_optional_array((output_present ? output_data : NULL));\n      |                                                                     ^~~~~~~~~~~\n/home/ert/code/f90wrap/examples/optional_string/_optional_string_directcmodule.c:232:69: note: each undeclared identifier is reported only once for each function it appears in\n",
      "duration": 0.41896677017211914
    },
    {
      "example": "output_kind",
      "status": "pass",
      "files_compiled": [
        "main.f90"
      ],
      "duration": 0.5407595634460449
    },
    {
      "example": "passbyreference",
      "status": "skip",
      "reason": "No .f90 files found",
      "duration": 0.00017833709716796875
    },
    {
      "example": "recursive_type",
      "status": "pass",
      "files_compiled": [
        "tree.f90"
      ],
      "duration": 0.5589632987976074
    },
    {
      "example": "recursive_type_array",
      "status": "pass",
      "files_compiled": [
        "test.f90"
      ],
      "duration": 0.5549380779266357
    },
    {
      "example": "remove_pointer_arg",
      "status": "pass",
      "files_compiled": [
        "main.f90"
      ],
      "duration": 0.518261194229126
    },
    {
      "example": "return_array",
      "status": "pass",
      "files_compiled": [
        "main.f90"
      ],
      "duration": 0.6152362823486328
    },
    {
      "example": "string_array_input_f2py",
      "status": "pass",
      "files_compiled": [
        "main.f90"
      ],
      "duration": 0.5649914741516113
    },
    {
      "example": "strings",
      "status": "pass",
      "files_compiled": [
        "string_io.f90"
      ],
      "duration": 0.5913314819335938
    },
    {
      "example": "subroutine_args",
      "status": "pass",
      "files_compiled": [
        "subroutine_mod.f90"
      ],
      "duration": 0.5706734657287598
    },
    {
      "example": "subroutine_contains_issue101",
      "status": "pass",
      "files_compiled": [
        "test.f90"
      ],
      "duration": 0.5551931858062744
    },
    {
      "example": "type_bn",
      "status": "support_compile_fail",
      "stderr": "/home/ert/code/f90wrap/examples/type_bn/type_bn_directc_support.f90:55:15:\n\n   55 |         value = self%type_bn\n      |               1\nError: Syntax error in VALUE statement at (1)\n/home/ert/code/f90wrap/examples/type_bn/type_bn_directc_support.f90:64:21:\n\n   64 |         self%type_bn = value\n      |                     1\nError: \u2018type_bn\u2019 at (1) is not a member of the \u2018type_face\u2019 structure; did you mean \u2018type\u2019?\n",
      "duration": 0.1744396686553955
    },
    {
      "example": "type_check",
      "status": "pass",
      "files_compiled": [
        "main.f90"
      ],
      "duration": 0.6218864917755127
    }
  ]
}