Testing f90wrap --direct-c on all examples
=============================================

-----------------------------------
Example: arrayderivedtypes
  SUCCESS: Generated C code
    Generated: test_arrayderivedtypesmodule.c (397 lines)

-----------------------------------
Example: arrays
  SUCCESS: Generated C code
    Generated: test_arraysmodule.c (311 lines)

-----------------------------------
Example: arrays_fixed
  SKIP: No Fortran files found
-----------------------------------
Example: arrays_in_derived_types_issue50
  SUCCESS: Generated C code
    Generated: test_arrays_in_derived_types_issue50module.c (233 lines)

-----------------------------------
Example: auto_raise_error
  SUCCESS: Generated C code
    Generated: test_auto_raise_errormodule.c (196 lines)

-----------------------------------
Example: callback_print_function_issue93
  SUCCESS: Generated C code
    Generated: test_callback_print_function_issue93module.c (99 lines)

-----------------------------------
Example: class_names
  SUCCESS: Generated C code
    Generated: test_class_namesmodule.c (397 lines)

-----------------------------------
Example: cylinder
  SUCCESS: Generated C code
    Generated: test_cylindermodule.c (280 lines)

-----------------------------------
Example: default_i8
  SUCCESS: Generated C code
    Generated: test_default_i8module.c (328 lines)

-----------------------------------
Example: derived-type-aliases
  SUCCESS: Generated C code
    Generated: test_derived-type-aliasesmodule.c (471 lines)

-----------------------------------
Example: derivedtypes
  SUCCESS: Generated C code
    Generated: test_derivedtypesmodule.c (2385 lines)

-----------------------------------
Example: derivedtypes_procedure
  SUCCESS: Generated C code
    Generated: test_derivedtypes_proceduremodule.c (449 lines)

-----------------------------------
Example: docstring
  SUCCESS: Generated C code
    Generated: test_docstringmodule.c (543 lines)

-----------------------------------
Example: elemental
  SUCCESS: Generated C code
    Generated: test_elementalmodule.c (75 lines)

-----------------------------------
Example: errorbinding
  SUCCESS: Generated C code
    Generated: test_errorbindingmodule.c (320 lines)

-----------------------------------
Example: example2
  SKIP: No Fortran files found
-----------------------------------
Example: extends
  SUCCESS: Generated C code
    Generated: test_extendsmodule.c (542 lines)

-----------------------------------
Example: fixed_1D_derived_type_array_argument
  FAILED
    Error:
 'test_type2': 'test_type2',
 'type(test_type2)': 'test_type2'}
Modules for each type:
{'test_module': 'test_module'}
INFO:f90wrap.transform:adding missing constructor for test_type2
Traceback (most recent call last):
  File "/home/ert/code/f90wrap/f90wrap/scripts/main.py", line 357, in main
    tree = tf.transform_to_generic_wrapper(tree,
                                           types,
    ...<11 lines>...
                                           remove_optional_arguments,
                                           force_public=force_public)
  File "/home/ert/code/f90wrap/f90wrap/transform.py", line 1399, in transform_to_generic_wrapper
    tree = add_missing_constructors(tree)
  File "/home/ert/code/f90wrap/f90wrap/transform.py", line 865, in add_missing_constructors
    if 'abstract' in node.attributes:
                     ^^^^^^^^^^^^^^^
AttributeError: 'Type' object has no attribute 'attributes'
f90wrap: AttributeError("'Type' object has no attribute 'attributes'")
         for help use --help

-----------------------------------
Example: fortran_oo
  SUCCESS: Generated C code
    Generated: test_fortran_oomodule.c (1014 lines)

-----------------------------------
Example: intent_out_size
  SUCCESS: Generated C code
    Generated: test_intent_out_sizemodule.c (171 lines)

-----------------------------------
Example: interface
  SUCCESS: Generated C code
    Generated: test_interfacemodule.c (294 lines)

-----------------------------------
Example: issue105_function_definition_with_empty_lines
  SUCCESS: Generated C code
    Generated: test_issue105_function_definition_with_empty_linesmodule.c (145 lines)

-----------------------------------
Example: issue206_subroutine_oldstyle
  SKIP: No Fortran files found
-----------------------------------
Example: issue227_allocatable
  SUCCESS: Generated C code
    Generated: test_issue227_allocatablemodule.c (269 lines)

-----------------------------------
Example: issue235_allocatable_classes
  SUCCESS: Generated C code
    Generated: test_issue235_allocatable_classesmodule.c (480 lines)

-----------------------------------
Example: issue254_getter
  SUCCESS: Generated C code
    Generated: test_issue254_gettermodule.c (526 lines)

-----------------------------------
Example: issue258_derived_type_attributes
  SUCCESS: Generated C code
    Generated: test_issue258_derived_type_attributesmodule.c (1781 lines)

-----------------------------------
Example: issue261_array_shapes
  SUCCESS: Generated C code
    Generated: test_issue261_array_shapesmodule.c (1278 lines)

-----------------------------------
Example: issue32
  SUCCESS: Generated C code
    Generated: test_issue32module.c (81 lines)

-----------------------------------
Example: issue41_abstract_classes
  SUCCESS: Generated C code
    Generated: test_issue41_abstract_classesmodule.c (490 lines)

-----------------------------------
Example: keyword_renaming_issue160
  SUCCESS: Generated C code
    Generated: test_keyword_renaming_issue160module.c (264 lines)

-----------------------------------
Example: kind_map_default
  SUCCESS: Generated C code
    Generated: test_kind_map_defaultmodule.c (127 lines)

-----------------------------------
Example: long_subroutine_name
  SUCCESS: Generated C code
    Generated: test_long_subroutine_namemodule.c (427 lines)

-----------------------------------
Example: mockderivetype
  SUCCESS: Generated C code
    Generated: test_mockderivetypemodule.c (989 lines)

-----------------------------------
Example: mod_arg_clash
  SUCCESS: Generated C code
    Generated: test_mod_arg_clashmodule.c (284 lines)

-----------------------------------
Example: optional_args_issue53
  SUCCESS: Generated C code
    Generated: test_optional_args_issue53module.c (81 lines)

-----------------------------------
Example: optional_derived_arrays
  SUCCESS: Generated C code
    Generated: test_optional_derived_arraysmodule.c (306 lines)

-----------------------------------
Example: optional_string
  SUCCESS: Generated C code
    Generated: test_optional_stringmodule.c (358 lines)

-----------------------------------
Example: output_kind
  SUCCESS: Generated C code
    Generated: test_output_kindmodule.c (199 lines)

-----------------------------------
Example: passbyreference
  SUCCESS: Generated C code
    Generated: test_passbyreferencemodule.c (250 lines)

-----------------------------------
Example: recursive_type
  SUCCESS: Generated C code
    Generated: test_recursive_typemodule.c (254 lines)

-----------------------------------
Example: recursive_type_array
  SUCCESS: Generated C code
    Generated: test_recursive_type_arraymodule.c (262 lines)

-----------------------------------
Example: remove_pointer_arg
  SUCCESS: Generated C code
    Generated: test_remove_pointer_argmodule.c (64 lines)

-----------------------------------
Example: return_array
  SUCCESS: Generated C code
    Generated: test_return_arraymodule.c (1528 lines)

-----------------------------------
Example: string_array_input_f2py
  SUCCESS: Generated C code
    Generated: test_string_array_input_f2pymodule.c (119 lines)

-----------------------------------
Example: strings
  SUCCESS: Generated C code
    Generated: test_stringsmodule.c (194 lines)

-----------------------------------
Example: subroutine_args
  SUCCESS: Generated C code
    Generated: test_subroutine_argsmodule.c (221 lines)

-----------------------------------
Example: subroutine_contains_issue101
  SUCCESS: Generated C code
    Generated: test_subroutine_contains_issue101module.c (172 lines)

-----------------------------------
Example: type_bn
  SUCCESS: Generated C code
    Generated: test_type_bnmodule.c (214 lines)

-----------------------------------
Example: type_check
  SUCCESS: Generated C code
    Generated: test_type_checkmodule.c (378 lines)

